<?xml version="1.0" encoding="UTF-8"?>
<testsuite xmlns:xsi="http://www.w3.org/2001/XMLSchema-instance" xsi:noNamespaceSchemaLocation="https://maven.apache.org/surefire/maven-surefire-plugin/xsd/surefire-test-report.xsd" version="3.0.2" name="com.tanyourpeach.backend.controller.AdminStatsControllerIntegrationTest" time="23.071" tests="8" errors="0" skipped="0" failures="0">
  <properties>
[...]
</properties>
  <testcase name="getLowStockItems_shouldReturnOkForAdmin" classname="com.tanyourpeach.backend.controller.AdminStatsControllerIntegrationTest" time="1.327">
    <system-out><![CDATA[01:43:48.671 [main] INFO org.springframework.test.context.support.AnnotationConfigContextLoaderUtils -- Could not detect default configuration classes for test class [com.tanyourpeach.backend.controller.AdminStatsControllerIntegrationTest]: AdminStatsControllerIntegrationTest does not declare any static, non-private, non-final, nested classes annotated with @Configuration.
01:43:49.303 [main] INFO org.springframework.boot.test.context.SpringBootTestContextBootstrapper -- Found @SpringBootConfiguration com.tanyourpeach.backend.BackendApplication for test class com.tanyourpeach.backend.controller.AdminStatsControllerIntegrationTest
01:43:50.049 [main] INFO org.springframework.boot.devtools.restart.RestartApplicationListener -- Restart disabled due to context in which it is running

  .   ____          _            __ _ _
 /\\ / ___'_ __ _ _(_)_ __  __ _ \ \ \ \
( ( )\___ | '_ | '_| | '_ \/ _` | \ \ \ \
 \\/  ___)| |_)| | | | | || (_| |  ) ) ) )
  '  |____| .__|_| |_|_| |_\__, | / / / /
 =========|_|==============|___/=/_/_/_/

 :: Spring Boot ::                (v3.5.3)

2025-07-24T01:43:51.157-04:00  INFO 25816 --- [           main] .b.c.AdminStatsControllerIntegrationTest : Starting AdminStatsControllerIntegrationTest using Java 17.0.12 with PID 25816 (started by Koolb in C:\Users\Koolb\OneDrive\Documents\Database Management\tanUrPeach_backend\backend)
2025-07-24T01:43:51.161-04:00  INFO 25816 --- [           main] .b.c.AdminStatsControllerIntegrationTest : No active profile set, falling back to 1 default profile: "default"
2025-07-24T01:43:53.947-04:00  INFO 25816 --- [           main] .s.d.r.c.RepositoryConfigurationDelegate : Bootstrapping Spring Data JPA repositories in DEFAULT mode.
2025-07-24T01:43:54.208-04:00  INFO 25816 --- [           main] .s.d.r.c.RepositoryConfigurationDelegate : Finished Spring Data repository scanning in 220 ms. Found 9 JPA repository interfaces.
2025-07-24T01:43:55.352-04:00  INFO 25816 --- [           main] o.hibernate.jpa.internal.util.LogHelper  : HHH000204: Processing PersistenceUnitInfo [name: default]
2025-07-24T01:43:55.484-04:00  INFO 25816 --- [           main] org.hibernate.Version                    : HHH000412: Hibernate ORM core version 6.6.18.Final
2025-07-24T01:43:55.552-04:00  INFO 25816 --- [           main] o.h.c.internal.RegionFactoryInitiator    : HHH000026: Second-level cache disabled
2025-07-24T01:43:56.877-04:00  INFO 25816 --- [           main] o.s.o.j.p.SpringPersistenceUnitInfo      : No LoadTimeWeaver setup: ignoring JPA class transformer
2025-07-24T01:43:57.029-04:00  INFO 25816 --- [           main] com.zaxxer.hikari.HikariDataSource       : HikariPool-1 - Starting...
2025-07-24T01:43:57.816-04:00  INFO 25816 --- [           main] com.zaxxer.hikari.pool.HikariPool        : HikariPool-1 - Added connection com.mysql.cj.jdbc.ConnectionImpl@7612116b
2025-07-24T01:43:57.821-04:00  INFO 25816 --- [           main] com.zaxxer.hikari.HikariDataSource       : HikariPool-1 - Start completed.
2025-07-24T01:43:58.029-04:00  WARN 25816 --- [           main] org.hibernate.orm.deprecation            : HHH90000025: MySQLDialect does not need to be specified explicitly using 'hibernate.dialect' (remove the property setting and it will be selected by default)
2025-07-24T01:43:58.128-04:00  INFO 25816 --- [           main] org.hibernate.orm.connections.pooling    : HHH10001005: Database info:
	Database JDBC URL [Connecting through datasource 'HikariDataSource (HikariPool-1)']
	Database driver: undefined/unknown
	Database version: 8.4.5
	Autocommit mode: undefined/unknown
	Isolation level: undefined/unknown
	Minimum pool size: undefined/unknown
	Maximum pool size: undefined/unknown
2025-07-24T01:44:01.598-04:00  INFO 25816 --- [           main] o.h.e.t.j.p.i.JtaPlatformInitiator       : HHH000489: No JTA platform available (set 'hibernate.transaction.jta.platform' to enable JTA platform integration)
2025-07-24T01:44:01.598-04:00  INFO 25816 --- [           main] j.LocalContainerEntityManagerFactoryBean : Initialized JPA EntityManagerFactory for persistence unit 'default'
2025-07-24T01:44:02.690-04:00  INFO 25816 --- [           main] o.s.d.j.r.query.QueryEnhancerFactory     : Hibernate is in classpath; If applicable, HQL parser will be used.
2025-07-24T01:44:07.072-04:00  WARN 25816 --- [           main] JpaBaseConfiguration$JpaWebConfiguration : spring.jpa.open-in-view is enabled by default. Therefore, database queries may be performed during view rendering. Explicitly configure spring.jpa.open-in-view to disable this warning
2025-07-24T01:44:07.561-04:00  INFO 25816 --- [           main] r$InitializeUserDetailsManagerConfigurer : Global AuthenticationManager configured with UserDetailsService bean with name customUserDetailsService
2025-07-24T01:44:08.309-04:00  INFO 25816 --- [           main] o.s.b.t.m.w.SpringBootMockServletContext : Initializing Spring TestDispatcherServlet ''
2025-07-24T01:44:08.309-04:00  INFO 25816 --- [           main] o.s.t.web.servlet.TestDispatcherServlet  : Initializing Servlet ''
2025-07-24T01:44:08.309-04:00  INFO 25816 --- [           main] o.s.t.web.servlet.TestDispatcherServlet  : Completed initialization in 0 ms
2025-07-24T01:44:08.366-04:00  INFO 25816 --- [           main] .b.c.AdminStatsControllerIntegrationTest : Started AdminStatsControllerIntegrationTest in 18.363 seconds (process running for 23.244)
Hibernate: select ash1_0.status_history_id,ash1_0.appointment_id,ash1_0.changed_at,ash1_0.changed_by_email,ash1_0.changed_by_user_id,ash1_0.status from appointment_status_history ash1_0
Hibernate: select r1_0.receipt_id,r1_0.appointment_id,r1_0.date_issued,r1_0.notes,r1_0.payment_method,r1_0.total_amount from receipts r1_0
Hibernate: select fl1_0.log_id,fl1_0.amount,fl1_0.description,fl1_0.log_date,fl1_0.reference_id,fl1_0.source,fl1_0.type from financial_log fl1_0
Hibernate: select siu1_0.item_id,siu1_0.service_id,siu1_0.quantity_used from service_inventory_usage siu1_0
Hibernate: select a1_0.appointment_id,a1_0.appointment_date,a1_0.availability_slot_id,a1_0.base_price,a1_0.client_address,a1_0.client_email,a1_0.client_name,a1_0.created_at,a1_0.distance_miles,a1_0.notes,a1_0.service_id,a1_0.status,a1_0.total_price,a1_0.travel_fee,a1_0.user_id from appointments a1_0
Hibernate: select a1_0.slot_id,a1_0.created_at,a1_0.date,a1_0.end_time,a1_0.is_booked,a1_0.notes,a1_0.start_time from availabilities a1_0
Hibernate: select i1_0.item_id,i1_0.name,i1_0.last_updated,i1_0.low_stock_threshold,i1_0.notes,i1_0.quantity,i1_0.total_spent,i1_0.unit_cost from inventory i1_0
Hibernate: select ts1_0.service_id,ts1_0.base_price,ts1_0.created_at,ts1_0.description,ts1_0.duration_minutes,ts1_0.is_active,ts1_0.name,ts1_0.updated_at from services ts1_0
Hibernate: delete from services where service_id=?
Hibernate: select u1_0.user_id,u1_0.address,u1_0.created_at,u1_0.email,u1_0.is_admin,u1_0.name,u1_0.password_hash from users u1_0
Hibernate: insert into users (address,created_at,email,is_admin,name,password_hash) values (?,?,?,?,?,?)
Hibernate: insert into users (address,created_at,email,is_admin,name,password_hash) values (?,?,?,?,?,?)
Hibernate: select u1_0.user_id,u1_0.address,u1_0.created_at,u1_0.email,u1_0.is_admin,u1_0.name,u1_0.password_hash from users u1_0 where u1_0.email=?
Hibernate: select i1_0.item_id,i1_0.name,i1_0.last_updated,i1_0.low_stock_threshold,i1_0.notes,i1_0.quantity,i1_0.total_spent,i1_0.unit_cost from inventory i1_0 where i1_0.quantity<=i1_0.low_stock_threshold
]]></system-out>
  </testcase>
  <testcase name="allEndpoints_shouldReturnForbiddenIfMissingToken" classname="com.tanyourpeach.backend.controller.AdminStatsControllerIntegrationTest" time="0.133">
    <system-out><![CDATA[Hibernate: select ash1_0.status_history_id,ash1_0.appointment_id,ash1_0.changed_at,ash1_0.changed_by_email,ash1_0.changed_by_user_id,ash1_0.status from appointment_status_history ash1_0
Hibernate: select r1_0.receipt_id,r1_0.appointment_id,r1_0.date_issued,r1_0.notes,r1_0.payment_method,r1_0.total_amount from receipts r1_0
Hibernate: select fl1_0.log_id,fl1_0.amount,fl1_0.description,fl1_0.log_date,fl1_0.reference_id,fl1_0.source,fl1_0.type from financial_log fl1_0
Hibernate: select siu1_0.item_id,siu1_0.service_id,siu1_0.quantity_used from service_inventory_usage siu1_0
Hibernate: select a1_0.appointment_id,a1_0.appointment_date,a1_0.availability_slot_id,a1_0.base_price,a1_0.client_address,a1_0.client_email,a1_0.client_name,a1_0.created_at,a1_0.distance_miles,a1_0.notes,a1_0.service_id,a1_0.status,a1_0.total_price,a1_0.travel_fee,a1_0.user_id from appointments a1_0
Hibernate: select a1_0.slot_id,a1_0.created_at,a1_0.date,a1_0.end_time,a1_0.is_booked,a1_0.notes,a1_0.start_time from availabilities a1_0
Hibernate: select i1_0.item_id,i1_0.name,i1_0.last_updated,i1_0.low_stock_threshold,i1_0.notes,i1_0.quantity,i1_0.total_spent,i1_0.unit_cost from inventory i1_0
Hibernate: select ts1_0.service_id,ts1_0.base_price,ts1_0.created_at,ts1_0.description,ts1_0.duration_minutes,ts1_0.is_active,ts1_0.name,ts1_0.updated_at from services ts1_0
Hibernate: select u1_0.user_id,u1_0.address,u1_0.created_at,u1_0.email,u1_0.is_admin,u1_0.name,u1_0.password_hash from users u1_0
Hibernate: delete from users where user_id=?
Hibernate: delete from users where user_id=?
Hibernate: insert into users (address,created_at,email,is_admin,name,password_hash) values (?,?,?,?,?,?)
Hibernate: insert into users (address,created_at,email,is_admin,name,password_hash) values (?,?,?,?,?,?)
]]></system-out>
  </testcase>
  <testcase name="getUpcomingAppointments_shouldReturnOkForAdmin" classname="com.tanyourpeach.backend.controller.AdminStatsControllerIntegrationTest" time="0.193">
    <system-out><![CDATA[Hibernate: select ash1_0.status_history_id,ash1_0.appointment_id,ash1_0.changed_at,ash1_0.changed_by_email,ash1_0.changed_by_user_id,ash1_0.status from appointment_status_history ash1_0
Hibernate: select r1_0.receipt_id,r1_0.appointment_id,r1_0.date_issued,r1_0.notes,r1_0.payment_method,r1_0.total_amount from receipts r1_0
Hibernate: select fl1_0.log_id,fl1_0.amount,fl1_0.description,fl1_0.log_date,fl1_0.reference_id,fl1_0.source,fl1_0.type from financial_log fl1_0
Hibernate: select siu1_0.item_id,siu1_0.service_id,siu1_0.quantity_used from service_inventory_usage siu1_0
Hibernate: select a1_0.appointment_id,a1_0.appointment_date,a1_0.availability_slot_id,a1_0.base_price,a1_0.client_address,a1_0.client_email,a1_0.client_name,a1_0.created_at,a1_0.distance_miles,a1_0.notes,a1_0.service_id,a1_0.status,a1_0.total_price,a1_0.travel_fee,a1_0.user_id from appointments a1_0
Hibernate: select a1_0.slot_id,a1_0.created_at,a1_0.date,a1_0.end_time,a1_0.is_booked,a1_0.notes,a1_0.start_time from availabilities a1_0
Hibernate: select i1_0.item_id,i1_0.name,i1_0.last_updated,i1_0.low_stock_threshold,i1_0.notes,i1_0.quantity,i1_0.total_spent,i1_0.unit_cost from inventory i1_0
Hibernate: select ts1_0.service_id,ts1_0.base_price,ts1_0.created_at,ts1_0.description,ts1_0.duration_minutes,ts1_0.is_active,ts1_0.name,ts1_0.updated_at from services ts1_0
Hibernate: select u1_0.user_id,u1_0.address,u1_0.created_at,u1_0.email,u1_0.is_admin,u1_0.name,u1_0.password_hash from users u1_0
Hibernate: delete from users where user_id=?
Hibernate: delete from users where user_id=?
Hibernate: insert into users (address,created_at,email,is_admin,name,password_hash) values (?,?,?,?,?,?)
Hibernate: insert into users (address,created_at,email,is_admin,name,password_hash) values (?,?,?,?,?,?)
Hibernate: select u1_0.user_id,u1_0.address,u1_0.created_at,u1_0.email,u1_0.is_admin,u1_0.name,u1_0.password_hash from users u1_0 where u1_0.email=?
Hibernate: select a1_0.appointment_id,a1_0.appointment_date,a1_0.availability_slot_id,a1_0.base_price,a1_0.client_address,a1_0.client_email,a1_0.client_name,a1_0.created_at,a1_0.distance_miles,a1_0.notes,a1_0.service_id,a1_0.status,a1_0.total_price,a1_0.travel_fee,a1_0.user_id from appointments a1_0 where a1_0.appointment_date>? order by a1_0.appointment_date
]]></system-out>
  </testcase>
  <testcase name="allEndpoints_shouldReturnForbiddenForInvalidToken" classname="com.tanyourpeach.backend.controller.AdminStatsControllerIntegrationTest" time="0.198">
    <system-out><![CDATA[Hibernate: select ash1_0.status_history_id,ash1_0.appointment_id,ash1_0.changed_at,ash1_0.changed_by_email,ash1_0.changed_by_user_id,ash1_0.status from appointment_status_history ash1_0
Hibernate: select r1_0.receipt_id,r1_0.appointment_id,r1_0.date_issued,r1_0.notes,r1_0.payment_method,r1_0.total_amount from receipts r1_0
Hibernate: select fl1_0.log_id,fl1_0.amount,fl1_0.description,fl1_0.log_date,fl1_0.reference_id,fl1_0.source,fl1_0.type from financial_log fl1_0
Hibernate: select siu1_0.item_id,siu1_0.service_id,siu1_0.quantity_used from service_inventory_usage siu1_0
Hibernate: select a1_0.appointment_id,a1_0.appointment_date,a1_0.availability_slot_id,a1_0.base_price,a1_0.client_address,a1_0.client_email,a1_0.client_name,a1_0.created_at,a1_0.distance_miles,a1_0.notes,a1_0.service_id,a1_0.status,a1_0.total_price,a1_0.travel_fee,a1_0.user_id from appointments a1_0
Hibernate: select a1_0.slot_id,a1_0.created_at,a1_0.date,a1_0.end_time,a1_0.is_booked,a1_0.notes,a1_0.start_time from availabilities a1_0
Hibernate: select i1_0.item_id,i1_0.name,i1_0.last_updated,i1_0.low_stock_threshold,i1_0.notes,i1_0.quantity,i1_0.total_spent,i1_0.unit_cost from inventory i1_0
Hibernate: select ts1_0.service_id,ts1_0.base_price,ts1_0.created_at,ts1_0.description,ts1_0.duration_minutes,ts1_0.is_active,ts1_0.name,ts1_0.updated_at from services ts1_0
Hibernate: select u1_0.user_id,u1_0.address,u1_0.created_at,u1_0.email,u1_0.is_admin,u1_0.name,u1_0.password_hash from users u1_0
Hibernate: delete from users where user_id=?
Hibernate: delete from users where user_id=?
Hibernate: insert into users (address,created_at,email,is_admin,name,password_hash) values (?,?,?,?,?,?)
Hibernate: insert into users (address,created_at,email,is_admin,name,password_hash) values (?,?,?,?,?,?)
Hibernate: select u1_0.user_id,u1_0.address,u1_0.created_at,u1_0.email,u1_0.is_admin,u1_0.name,u1_0.password_hash from users u1_0 where u1_0.email is null
Hibernate: select u1_0.user_id,u1_0.address,u1_0.created_at,u1_0.email,u1_0.is_admin,u1_0.name,u1_0.password_hash from users u1_0 where u1_0.email is null
Hibernate: select u1_0.user_id,u1_0.address,u1_0.created_at,u1_0.email,u1_0.is_admin,u1_0.name,u1_0.password_hash from users u1_0 where u1_0.email is null
Hibernate: select u1_0.user_id,u1_0.address,u1_0.created_at,u1_0.email,u1_0.is_admin,u1_0.name,u1_0.password_hash from users u1_0 where u1_0.email is null
]]></system-out>
  </testcase>
  <testcase name="getMonthlyStats_shouldReturnOkForAdmin" classname="com.tanyourpeach.backend.controller.AdminStatsControllerIntegrationTest" time="0.229">
    <system-out><![CDATA[Hibernate: select ash1_0.status_history_id,ash1_0.appointment_id,ash1_0.changed_at,ash1_0.changed_by_email,ash1_0.changed_by_user_id,ash1_0.status from appointment_status_history ash1_0
Hibernate: select r1_0.receipt_id,r1_0.appointment_id,r1_0.date_issued,r1_0.notes,r1_0.payment_method,r1_0.total_amount from receipts r1_0
Hibernate: select fl1_0.log_id,fl1_0.amount,fl1_0.description,fl1_0.log_date,fl1_0.reference_id,fl1_0.source,fl1_0.type from financial_log fl1_0
Hibernate: select siu1_0.item_id,siu1_0.service_id,siu1_0.quantity_used from service_inventory_usage siu1_0
Hibernate: select a1_0.appointment_id,a1_0.appointment_date,a1_0.availability_slot_id,a1_0.base_price,a1_0.client_address,a1_0.client_email,a1_0.client_name,a1_0.created_at,a1_0.distance_miles,a1_0.notes,a1_0.service_id,a1_0.status,a1_0.total_price,a1_0.travel_fee,a1_0.user_id from appointments a1_0
Hibernate: select a1_0.slot_id,a1_0.created_at,a1_0.date,a1_0.end_time,a1_0.is_booked,a1_0.notes,a1_0.start_time from availabilities a1_0
Hibernate: select i1_0.item_id,i1_0.name,i1_0.last_updated,i1_0.low_stock_threshold,i1_0.notes,i1_0.quantity,i1_0.total_spent,i1_0.unit_cost from inventory i1_0
Hibernate: select ts1_0.service_id,ts1_0.base_price,ts1_0.created_at,ts1_0.description,ts1_0.duration_minutes,ts1_0.is_active,ts1_0.name,ts1_0.updated_at from services ts1_0
Hibernate: select u1_0.user_id,u1_0.address,u1_0.created_at,u1_0.email,u1_0.is_admin,u1_0.name,u1_0.password_hash from users u1_0
Hibernate: delete from users where user_id=?
Hibernate: delete from users where user_id=?
Hibernate: insert into users (address,created_at,email,is_admin,name,password_hash) values (?,?,?,?,?,?)
Hibernate: insert into users (address,created_at,email,is_admin,name,password_hash) values (?,?,?,?,?,?)
Hibernate: select u1_0.user_id,u1_0.address,u1_0.created_at,u1_0.email,u1_0.is_admin,u1_0.name,u1_0.password_hash from users u1_0 where u1_0.email=?
Hibernate: select sum(fl1_0.amount) from financial_log fl1_0 where fl1_0.type=? and date_format(fl1_0.log_date,'%Y-%m')=?
Hibernate: select sum(fl1_0.amount) from financial_log fl1_0 where fl1_0.type=? and date_format(fl1_0.log_date,'%Y-%m')=?
Hibernate: select sum(fl1_0.amount) from financial_log fl1_0 where fl1_0.type=? and date_format(fl1_0.log_date,'%Y-%m')=?
Hibernate: select sum(fl1_0.amount) from financial_log fl1_0 where fl1_0.type=? and date_format(fl1_0.log_date,'%Y-%m')=?
Hibernate: select sum(fl1_0.amount) from financial_log fl1_0 where fl1_0.type=? and date_format(fl1_0.log_date,'%Y-%m')=?
Hibernate: select sum(fl1_0.amount) from financial_log fl1_0 where fl1_0.type=? and date_format(fl1_0.log_date,'%Y-%m')=?
Hibernate: select sum(fl1_0.amount) from financial_log fl1_0 where fl1_0.type=? and date_format(fl1_0.log_date,'%Y-%m')=?
Hibernate: select sum(fl1_0.amount) from financial_log fl1_0 where fl1_0.type=? and date_format(fl1_0.log_date,'%Y-%m')=?
]]></system-out>
  </testcase>
  <testcase name="allEndpoints_shouldReturnForbiddenIfTokenMissingBearerPrefix" classname="com.tanyourpeach.backend.controller.AdminStatsControllerIntegrationTest" time="0.186">
    <system-out><![CDATA[Hibernate: select ash1_0.status_history_id,ash1_0.appointment_id,ash1_0.changed_at,ash1_0.changed_by_email,ash1_0.changed_by_user_id,ash1_0.status from appointment_status_history ash1_0
Hibernate: select r1_0.receipt_id,r1_0.appointment_id,r1_0.date_issued,r1_0.notes,r1_0.payment_method,r1_0.total_amount from receipts r1_0
Hibernate: select fl1_0.log_id,fl1_0.amount,fl1_0.description,fl1_0.log_date,fl1_0.reference_id,fl1_0.source,fl1_0.type from financial_log fl1_0
Hibernate: select siu1_0.item_id,siu1_0.service_id,siu1_0.quantity_used from service_inventory_usage siu1_0
Hibernate: select a1_0.appointment_id,a1_0.appointment_date,a1_0.availability_slot_id,a1_0.base_price,a1_0.client_address,a1_0.client_email,a1_0.client_name,a1_0.created_at,a1_0.distance_miles,a1_0.notes,a1_0.service_id,a1_0.status,a1_0.total_price,a1_0.travel_fee,a1_0.user_id from appointments a1_0
Hibernate: select a1_0.slot_id,a1_0.created_at,a1_0.date,a1_0.end_time,a1_0.is_booked,a1_0.notes,a1_0.start_time from availabilities a1_0
Hibernate: select i1_0.item_id,i1_0.name,i1_0.last_updated,i1_0.low_stock_threshold,i1_0.notes,i1_0.quantity,i1_0.total_spent,i1_0.unit_cost from inventory i1_0
Hibernate: select ts1_0.service_id,ts1_0.base_price,ts1_0.created_at,ts1_0.description,ts1_0.duration_minutes,ts1_0.is_active,ts1_0.name,ts1_0.updated_at from services ts1_0
Hibernate: select u1_0.user_id,u1_0.address,u1_0.created_at,u1_0.email,u1_0.is_admin,u1_0.name,u1_0.password_hash from users u1_0
Hibernate: delete from users where user_id=?
Hibernate: delete from users where user_id=?
Hibernate: insert into users (address,created_at,email,is_admin,name,password_hash) values (?,?,?,?,?,?)
Hibernate: insert into users (address,created_at,email,is_admin,name,password_hash) values (?,?,?,?,?,?)
Hibernate: select u1_0.user_id,u1_0.address,u1_0.created_at,u1_0.email,u1_0.is_admin,u1_0.name,u1_0.password_hash from users u1_0 where u1_0.email is null
Hibernate: select u1_0.user_id,u1_0.address,u1_0.created_at,u1_0.email,u1_0.is_admin,u1_0.name,u1_0.password_hash from users u1_0 where u1_0.email is null
Hibernate: select u1_0.user_id,u1_0.address,u1_0.created_at,u1_0.email,u1_0.is_admin,u1_0.name,u1_0.password_hash from users u1_0 where u1_0.email is null
Hibernate: select u1_0.user_id,u1_0.address,u1_0.created_at,u1_0.email,u1_0.is_admin,u1_0.name,u1_0.password_hash from users u1_0 where u1_0.email is null
]]></system-out>
  </testcase>
  <testcase name="allEndpoints_shouldReturnForbiddenForNonAdmin" classname="com.tanyourpeach.backend.controller.AdminStatsControllerIntegrationTest" time="0.162">
    <system-out><![CDATA[Hibernate: select ash1_0.status_history_id,ash1_0.appointment_id,ash1_0.changed_at,ash1_0.changed_by_email,ash1_0.changed_by_user_id,ash1_0.status from appointment_status_history ash1_0
Hibernate: select r1_0.receipt_id,r1_0.appointment_id,r1_0.date_issued,r1_0.notes,r1_0.payment_method,r1_0.total_amount from receipts r1_0
Hibernate: select fl1_0.log_id,fl1_0.amount,fl1_0.description,fl1_0.log_date,fl1_0.reference_id,fl1_0.source,fl1_0.type from financial_log fl1_0
Hibernate: select siu1_0.item_id,siu1_0.service_id,siu1_0.quantity_used from service_inventory_usage siu1_0
Hibernate: select a1_0.appointment_id,a1_0.appointment_date,a1_0.availability_slot_id,a1_0.base_price,a1_0.client_address,a1_0.client_email,a1_0.client_name,a1_0.created_at,a1_0.distance_miles,a1_0.notes,a1_0.service_id,a1_0.status,a1_0.total_price,a1_0.travel_fee,a1_0.user_id from appointments a1_0
Hibernate: select a1_0.slot_id,a1_0.created_at,a1_0.date,a1_0.end_time,a1_0.is_booked,a1_0.notes,a1_0.start_time from availabilities a1_0
Hibernate: select i1_0.item_id,i1_0.name,i1_0.last_updated,i1_0.low_stock_threshold,i1_0.notes,i1_0.quantity,i1_0.total_spent,i1_0.unit_cost from inventory i1_0
Hibernate: select ts1_0.service_id,ts1_0.base_price,ts1_0.created_at,ts1_0.description,ts1_0.duration_minutes,ts1_0.is_active,ts1_0.name,ts1_0.updated_at from services ts1_0
Hibernate: select u1_0.user_id,u1_0.address,u1_0.created_at,u1_0.email,u1_0.is_admin,u1_0.name,u1_0.password_hash from users u1_0
Hibernate: delete from users where user_id=?
Hibernate: delete from users where user_id=?
Hibernate: insert into users (address,created_at,email,is_admin,name,password_hash) values (?,?,?,?,?,?)
Hibernate: insert into users (address,created_at,email,is_admin,name,password_hash) values (?,?,?,?,?,?)
Hibernate: select u1_0.user_id,u1_0.address,u1_0.created_at,u1_0.email,u1_0.is_admin,u1_0.name,u1_0.password_hash from users u1_0 where u1_0.email=?
Hibernate: select u1_0.user_id,u1_0.address,u1_0.created_at,u1_0.email,u1_0.is_admin,u1_0.name,u1_0.password_hash from users u1_0 where u1_0.email=?
Hibernate: select u1_0.user_id,u1_0.address,u1_0.created_at,u1_0.email,u1_0.is_admin,u1_0.name,u1_0.password_hash from users u1_0 where u1_0.email=?
Hibernate: select u1_0.user_id,u1_0.address,u1_0.created_at,u1_0.email,u1_0.is_admin,u1_0.name,u1_0.password_hash from users u1_0 where u1_0.email=?
]]></system-out>
  </testcase>
  <testcase name="getSummary_shouldReturnOkForAdmin" classname="com.tanyourpeach.backend.controller.AdminStatsControllerIntegrationTest" time="0.14">
    <system-out><![CDATA[Hibernate: select ash1_0.status_history_id,ash1_0.appointment_id,ash1_0.changed_at,ash1_0.changed_by_email,ash1_0.changed_by_user_id,ash1_0.status from appointment_status_history ash1_0
Hibernate: select r1_0.receipt_id,r1_0.appointment_id,r1_0.date_issued,r1_0.notes,r1_0.payment_method,r1_0.total_amount from receipts r1_0
Hibernate: select fl1_0.log_id,fl1_0.amount,fl1_0.description,fl1_0.log_date,fl1_0.reference_id,fl1_0.source,fl1_0.type from financial_log fl1_0
Hibernate: select siu1_0.item_id,siu1_0.service_id,siu1_0.quantity_used from service_inventory_usage siu1_0
Hibernate: select a1_0.appointment_id,a1_0.appointment_date,a1_0.availability_slot_id,a1_0.base_price,a1_0.client_address,a1_0.client_email,a1_0.client_name,a1_0.created_at,a1_0.distance_miles,a1_0.notes,a1_0.service_id,a1_0.status,a1_0.total_price,a1_0.travel_fee,a1_0.user_id from appointments a1_0
Hibernate: select a1_0.slot_id,a1_0.created_at,a1_0.date,a1_0.end_time,a1_0.is_booked,a1_0.notes,a1_0.start_time from availabilities a1_0
Hibernate: select i1_0.item_id,i1_0.name,i1_0.last_updated,i1_0.low_stock_threshold,i1_0.notes,i1_0.quantity,i1_0.total_spent,i1_0.unit_cost from inventory i1_0
Hibernate: select ts1_0.service_id,ts1_0.base_price,ts1_0.created_at,ts1_0.description,ts1_0.duration_minutes,ts1_0.is_active,ts1_0.name,ts1_0.updated_at from services ts1_0
Hibernate: select u1_0.user_id,u1_0.address,u1_0.created_at,u1_0.email,u1_0.is_admin,u1_0.name,u1_0.password_hash from users u1_0
Hibernate: delete from users where user_id=?
Hibernate: delete from users where user_id=?
Hibernate: insert into users (address,created_at,email,is_admin,name,password_hash) values (?,?,?,?,?,?)
Hibernate: insert into users (address,created_at,email,is_admin,name,password_hash) values (?,?,?,?,?,?)
Hibernate: select u1_0.user_id,u1_0.address,u1_0.created_at,u1_0.email,u1_0.is_admin,u1_0.name,u1_0.password_hash from users u1_0 where u1_0.email=?
Hibernate: select sum(fl1_0.amount) from financial_log fl1_0 where fl1_0.type=?
Hibernate: select sum(fl1_0.amount) from financial_log fl1_0 where fl1_0.type=?
]]></system-out>
  </testcase>
</testsuite>